<?xml version="1.0" encoding="UTF-8"?>
<testsuite name="EllipseTest" tests="4" skipped="0" failures="0" errors="0" timestamp="2022-05-15T22:35:36" hostname="Justins-MacBook-Pro.local" time="0.021">
  <properties/>
  <testcase name="getVerticalRadius()" classname="EllipseTest" time="0.017"/>
  <testcase name="calculateArea()" classname="EllipseTest" time="0.0"/>
  <testcase name="move()" classname="EllipseTest" time="0.001"/>
  <testcase name="getHorizontalRadius()" classname="EllipseTest" time="0.001"/>
  <system-out><![CDATA[]]></system-out>
  <system-err><![CDATA[]]></system-err>
</testsuite>
